[INFO  - 2018-05-28T04:00:13.270Z] GhostDriver - Main - running on port 64249
[INFO  - 2018-05-28T04:00:13.329Z] Session [9f760db0-622b-11e8-932f-650e5671321c] - page.settings - {"XSSAuditingEnabled":false,"javascriptCanCloseWindows":true,"javascriptCanOpenWindows":true,"javascriptEnabled":true,"loadImages":true,"localToRemoteUrlAccessEnabled":false,"userAgent":"Mozilla/5.0 (Macintosh; Intel Mac OS X) AppleWebKit/538.1 (KHTML, like Gecko) PhantomJS/2.1.1 Safari/538.1","webSecurityEnabled":true}
[INFO  - 2018-05-28T04:00:13.329Z] Session [9f760db0-622b-11e8-932f-650e5671321c] - page.customHeaders:  - {}
[INFO  - 2018-05-28T04:00:13.329Z] Session [9f760db0-622b-11e8-932f-650e5671321c] - Session.negotiatedCapabilities - {"browserName":"phantomjs","version":"2.1.1","driverName":"ghostdriver","driverVersion":"1.2.0","platform":"mac-10.11 (El Capitan)-64bit","javascriptEnabled":true,"takesScreenshot":true,"handlesAlerts":false,"databaseEnabled":false,"locationContextEnabled":false,"applicationCacheEnabled":false,"browserConnectionEnabled":false,"cssSelectorsEnabled":true,"webStorageEnabled":false,"rotatable":false,"acceptSslCerts":false,"nativeEvents":true,"proxy":{"proxyType":"direct"}}
[INFO  - 2018-05-28T04:00:13.329Z] SessionManagerReqHand - _postNewSessionCommand - New Session Created: 9f760db0-622b-11e8-932f-650e5671321c
[ERROR - 2018-05-28T04:00:29.952Z] WebElementLocator - _handleLocateCommand - Element(s) NOT Found: GAVE UP. Search Stop Time: 1527480029940

  phantomjs://platform/console++.js:263 in error
[ERROR - 2018-05-28T04:00:51.294Z] WebElementLocator - _handleLocateCommand - Element(s) NOT Found: GAVE UP. Search Stop Time: 1527480051237

  phantomjs://platform/console++.js:263 in error
[ERROR - 2018-05-28T04:01:14.860Z] WebElementLocator - _handleLocateCommand - Element(s) NOT Found: GAVE UP. Search Stop Time: 1527480074829

  phantomjs://platform/console++.js:263 in error
[ERROR - 2018-05-28T04:01:34.424Z] WebElementLocator - _handleLocateCommand - Element(s) NOT Found: GAVE UP. Search Stop Time: 1527480094378

  phantomjs://platform/console++.js:263 in error
[ERROR - 2018-05-28T04:01:53.786Z] WebElementLocator - _handleLocateCommand - Element(s) NOT Found: GAVE UP. Search Stop Time: 1527480113735

  phantomjs://platform/console++.js:263 in error
[ERROR - 2018-05-28T04:02:12.746Z] WebElementLocator - _handleLocateCommand - Element(s) NOT Found: GAVE UP. Search Stop Time: 1527480132708

  phantomjs://platform/console++.js:263 in error
[ERROR - 2018-05-28T04:02:32.097Z] WebElementLocator - _handleLocateCommand - Element(s) NOT Found: GAVE UP. Search Stop Time: 1527480152058

  phantomjs://platform/console++.js:263 in error
[ERROR - 2018-05-28T04:02:57.582Z] WebElementLocator - _handleLocateCommand - Element(s) NOT Found: GAVE UP. Search Stop Time: 1527480177528

  phantomjs://platform/console++.js:263 in error
